<?xml version="1.0" encoding="UTF-8"?>
<!-- Generated by org.testng.reporters.JUnitReportReporter -->
<testsuite hostname="DESKTOP-E8LGVKI" failures="0" tests="5" name="com.demoproj.testCases.TC_LoginDDT_002" time="70.252" errors="0" timestamp="2022-06-16T03:25:20 IST" skipped="0">
  <testcase classname="com.demoproj.testCases.TC_LoginDDT_002" name="loginDDT" time="14.416"/>
  <system-out/>
  <testcase classname="com.demoproj.testCases.TC_LoginDDT_002" name="loginDDT" time="13.172"/>
  <system-out/>
  <testcase classname="com.demoproj.testCases.TC_LoginDDT_002" name="loginDDT" time="17.447"/>
  <system-out/>
  <testcase classname="com.demoproj.testCases.TC_LoginDDT_002" name="loginDDT" time="11.704"/>
  <system-out/>
  <testcase classname="com.demoproj.testCases.TC_LoginDDT_002" name="loginDDT" time="13.513"/>
  <system-out/>
</testsuite> <!-- com.demoproj.testCases.TC_LoginDDT_002 -->
