<?xml version="1.0" encoding="UTF-8"?>
<!-- Generated by org.testng.reporters.JUnitReportReporter -->
<testsuite hostname="DESKTOP-E8LGVKI" failures="0" tests="1" name="com.demoproj.testCases.TC_LoginTest_001" time="7.865" errors="0" timestamp="2022-06-16T03:07:28 IST" skipped="0">
  <testcase classname="com.demoproj.testCases.TC_LoginTest_001" name="loginTest" time="7.865"/>
  <system-out/>
</testsuite> <!-- com.demoproj.testCases.TC_LoginTest_001 -->
