<?xml version="1.0" encoding="UTF-8"?>
<!-- Generated by org.testng.reporters.JUnitReportReporter -->
<testsuite hostname="DESKTOP-E8LGVKI" failures="0" tests="2" name="RestfulBookerPojo" time="0.753" errors="0" timestamp="2022-06-12T15:35:09 IST" skipped="0">
  <testcase classname="RestfulBookerPojo" name="getPojoFromEmployeeObject" time="0.106"/>
  <system-out/>
  <testcase classname="RestfulBookerPojo" name="createEmployeeJSONFromEmployeePOJOClass" time="0.647"/>
  <system-out/>
</testsuite> <!-- RestfulBookerPojo -->
